0 info it worked if it ends with ok
1 verbose cli [ '/usr/bin/nodejs',
1 verbose cli   '/usr/bin/npm',
1 verbose cli   'rebuild',
1 verbose cli   'node-sass',
1 verbose cli   '--no-bin-links' ]
2 info using npm@3.10.8
3 info using node@v6.9.1
4 info readInstalled object
5 verbose rebuild path, id [ '/home/vagrant/Code/sample/node_modules/gulp-sass/node_modules/node-sass',
5 verbose rebuild   'node-sass@3.13.1' ]
6 verbose rebuild path, id [ '/home/vagrant/Code/sample/node_modules/node-sass',
6 verbose rebuild   'node-sass@4.5.3' ]
7 silly rebuild set [ '/home/vagrant/Code/sample/node_modules/gulp-sass/node_modules/node-sass',
7 silly rebuild set   '/home/vagrant/Code/sample/node_modules/node-sass' ]
8 info build /home/vagrant/Code/sample/node_modules/gulp-sass/node_modules/node-sass
9 info lifecycle node-sass@3.13.1~preinstall: node-sass@3.13.1
10 silly lifecycle node-sass@3.13.1~preinstall: no script for preinstall, continuing
11 info lifecycle node-sass@3.13.1~install: node-sass@3.13.1
12 verbose lifecycle node-sass@3.13.1~install: unsafe-perm in lifecycle true
13 verbose lifecycle node-sass@3.13.1~install: PATH: /usr/lib/node_modules/npm/bin/node-gyp-bin:/home/vagrant/Code/sample/node_modules/gulp-sass/node_modules/node-sass/node_modules/.bin:/home/vagrant/Code/sample/node_modules/gulp-sass/node_modules/.bin:/home/vagrant/Code/sample/node_modules/.bin:/home/vagrant/.composer/vendor/bin:/home/vagrant/bin:/home/vagrant/.local/bin:/usr/local/sbin:/usr/local/bin:/usr/sbin:/usr/bin:/sbin:/bin:/usr/games:/usr/local/games:/snap/bin
14 verbose lifecycle node-sass@3.13.1~install: CWD: /home/vagrant/Code/sample/node_modules/gulp-sass/node_modules/node-sass
15 silly lifecycle node-sass@3.13.1~install: Args: [ '-c', 'node scripts/install.js' ]
16 silly lifecycle node-sass@3.13.1~install: Returned: code: 0  signal: null
17 info lifecycle node-sass@3.13.1~postinstall: node-sass@3.13.1
18 verbose lifecycle node-sass@3.13.1~postinstall: unsafe-perm in lifecycle true
19 verbose lifecycle node-sass@3.13.1~postinstall: PATH: /usr/lib/node_modules/npm/bin/node-gyp-bin:/home/vagrant/Code/sample/node_modules/gulp-sass/node_modules/node-sass/node_modules/.bin:/home/vagrant/Code/sample/node_modules/gulp-sass/node_modules/.bin:/home/vagrant/Code/sample/node_modules/.bin:/home/vagrant/.composer/vendor/bin:/home/vagrant/bin:/home/vagrant/.local/bin:/usr/local/sbin:/usr/local/bin:/usr/sbin:/usr/bin:/sbin:/bin:/usr/games:/usr/local/games:/snap/bin
20 verbose lifecycle node-sass@3.13.1~postinstall: CWD: /home/vagrant/Code/sample/node_modules/gulp-sass/node_modules/node-sass
21 silly lifecycle node-sass@3.13.1~postinstall: Args: [ '-c', 'node scripts/build.js' ]
22 silly lifecycle node-sass@3.13.1~postinstall: Returned: code: 0  signal: null
23 info build /home/vagrant/Code/sample/node_modules/node-sass
24 info lifecycle node-sass@4.5.3~preinstall: node-sass@4.5.3
25 silly lifecycle node-sass@4.5.3~preinstall: no script for preinstall, continuing
26 info lifecycle node-sass@4.5.3~install: node-sass@4.5.3
27 verbose lifecycle node-sass@4.5.3~install: unsafe-perm in lifecycle true
28 verbose lifecycle node-sass@4.5.3~install: PATH: /usr/lib/node_modules/npm/bin/node-gyp-bin:/home/vagrant/Code/sample/node_modules/node-sass/node_modules/.bin:/home/vagrant/Code/sample/node_modules/.bin:/home/vagrant/.composer/vendor/bin:/home/vagrant/bin:/home/vagrant/.local/bin:/usr/local/sbin:/usr/local/bin:/usr/sbin:/usr/bin:/sbin:/bin:/usr/games:/usr/local/games:/snap/bin
29 verbose lifecycle node-sass@4.5.3~install: CWD: /home/vagrant/Code/sample/node_modules/node-sass
30 silly lifecycle node-sass@4.5.3~install: Args: [ '-c', 'node scripts/install.js' ]
31 silly lifecycle node-sass@4.5.3~install: Returned: code: 0  signal: null
32 info lifecycle node-sass@4.5.3~postinstall: node-sass@4.5.3
33 verbose lifecycle node-sass@4.5.3~postinstall: unsafe-perm in lifecycle true
34 verbose lifecycle node-sass@4.5.3~postinstall: PATH: /usr/lib/node_modules/npm/bin/node-gyp-bin:/home/vagrant/Code/sample/node_modules/node-sass/node_modules/.bin:/home/vagrant/Code/sample/node_modules/.bin:/home/vagrant/.composer/vendor/bin:/home/vagrant/bin:/home/vagrant/.local/bin:/usr/local/sbin:/usr/local/bin:/usr/sbin:/usr/bin:/sbin:/bin:/usr/games:/usr/local/games:/snap/bin
35 verbose lifecycle node-sass@4.5.3~postinstall: CWD: /home/vagrant/Code/sample/node_modules/node-sass
36 silly lifecycle node-sass@4.5.3~postinstall: Args: [ '-c', 'node scripts/build.js' ]
37 silly lifecycle node-sass@4.5.3~postinstall: Returned: code: 139  signal: null
38 info lifecycle node-sass@4.5.3~postinstall: Failed to exec postinstall script
39 verbose stack Error: node-sass@4.5.3 postinstall: `node scripts/build.js`
39 verbose stack Exit status 139
39 verbose stack     at EventEmitter.<anonymous> (/usr/lib/node_modules/npm/lib/utils/lifecycle.js:255:16)
39 verbose stack     at emitTwo (events.js:106:13)
39 verbose stack     at EventEmitter.emit (events.js:191:7)
39 verbose stack     at ChildProcess.<anonymous> (/usr/lib/node_modules/npm/lib/utils/spawn.js:40:14)
39 verbose stack     at emitTwo (events.js:106:13)
39 verbose stack     at ChildProcess.emit (events.js:191:7)
39 verbose stack     at maybeClose (internal/child_process.js:877:16)
39 verbose stack     at Process.ChildProcess._handle.onexit (internal/child_process.js:226:5)
40 verbose pkgid node-sass@4.5.3
41 verbose cwd /home/vagrant/Code/sample
42 error Linux 4.4.0-38-generic
43 error argv "/usr/bin/nodejs" "/usr/bin/npm" "rebuild" "node-sass" "--no-bin-links"
44 error node v6.9.1
45 error npm  v3.10.8
46 error code ELIFECYCLE
47 error node-sass@4.5.3 postinstall: `node scripts/build.js`
47 error Exit status 139
48 error Failed at the node-sass@4.5.3 postinstall script 'node scripts/build.js'.
48 error Make sure you have the latest version of node.js and npm installed.
48 error If you do, this is most likely a problem with the node-sass package,
48 error not with npm itself.
48 error Tell the author that this fails on your system:
48 error     node scripts/build.js
48 error You can get information on how to open an issue for this project with:
48 error     npm bugs node-sass
48 error Or if that isn't available, you can get their info via:
48 error     npm owner ls node-sass
48 error There is likely additional logging output above.
49 verbose exit [ 1, true ]
